<?xml version="1.0" encoding="UTF-8"?>
<!-- Generated by org.testng.reporters.JUnitXMLReporter -->
<testsuite ignored="0" hostname="Arpits-MacBook-Air.local" failures="0" tests="4" name="Test" time="65.212" errors="0" timestamp="2021-03-02T23:25:58 IST">
  <testcase classname="com.pages.ATCBaseTest" name="basePageNavigation" time="2.596"/>
  <testcase classname="com.pages.ATCBaseTest" name="loginApplication" time="2.912"/>
  <testcase classname="com.pages.ATCBaseTest" name="navigateMyAddressesAndAddAddress" time="5.506"/>
  <testcase classname="com.pages.ATCBaseTest" name="purchaseItems" time="54.139"/>
</testsuite> <!-- Test -->
