<?xml version="1.0" encoding="UTF-8"?>
<testng-results ignored="0" total="4" passed="4" failed="0" skipped="0">
  <reporter-output>
  </reporter-output>
  <suite started-at="2021-03-02T23:24:48 IST" name="Suite" finished-at="2021-03-02T23:25:53 IST" duration-ms="65212">
    <groups>
    </groups>
    <test started-at="2021-03-02T23:24:48 IST" name="Test" finished-at="2021-03-02T23:25:53 IST" duration-ms="65212">
      <class name="com.pages.ATCBaseTest">
        <test-method signature="basePageNavigation()[pri:0, instance:com.pages.ATCBaseTest@3533df16]" started-at="2021-03-02T23:24:48 IST" name="basePageNavigation" finished-at="2021-03-02T23:24:50 IST" duration-ms="2596" status="PASS">
          <reporter-output>
          </reporter-output>
        </test-method> <!-- basePageNavigation -->
        <test-method signature="loginApplication(java.lang.String, java.lang.String, java.lang.String)[pri:0, instance:com.pages.ATCBaseTest@3533df16]" started-at="2021-03-02T23:24:50 IST" name="loginApplication" data-provider="getUserCredentials" finished-at="2021-03-02T23:24:53 IST" depends-on-methods="com.pages.ATCBaseTest.basePageNavigation" duration-ms="2912" status="PASS">
          <params>
            <param index="0">
              <value>
                <![CDATA[automationtest1@gmail.com]]>
              </value>
            </param>
            <param index="1">
              <value>
                <![CDATA[Arpit@123]]>
              </value>
            </param>
            <param index="2">
              <value>
                <![CDATA[My account - My Store]]>
              </value>
            </param>
          </params>
          <reporter-output>
          </reporter-output>
        </test-method> <!-- loginApplication -->
        <test-method signature="navigateMyAddressesAndAddAddress(java.lang.String, java.lang.String, java.lang.String, java.lang.String, java.lang.String, java.lang.String, java.lang.String, java.lang.String, java.lang.String, java.lang.String, java.lang.String, java.lang.String, java.lang.String)[pri:0, instance:com.pages.ATCBaseTest@3533df16]" started-at="2021-03-02T23:24:53 IST" name="navigateMyAddressesAndAddAddress" data-provider="getAddressDetails" finished-at="2021-03-02T23:24:59 IST" depends-on-methods="com.pages.ATCBaseTest.loginApplication" duration-ms="5506" status="PASS">
          <params>
            <param index="0">
              <value>
                <![CDATA[Arpit]]>
              </value>
            </param>
            <param index="1">
              <value>
                <![CDATA[Gupta]]>
              </value>
            </param>
            <param index="2">
              <value>
                <![CDATA[IQVIA]]>
              </value>
            </param>
            <param index="3">
              <value>
                <![CDATA[AddLine1]]>
              </value>
            </param>
            <param index="4">
              <value>
                <![CDATA[AddLine2]]>
              </value>
            </param>
            <param index="5">
              <value>
                <![CDATA[AddCity]]>
              </value>
            </param>
            <param index="6">
              <value>
                <![CDATA[Alabama]]>
              </value>
            </param>
            <param index="7">
              <value>
                <![CDATA[12345]]>
              </value>
            </param>
            <param index="8">
              <value>
                <![CDATA[United States]]>
              </value>
            </param>
            <param index="9">
              <value>
                <![CDATA[0001111000]]>
              </value>
            </param>
            <param index="10">
              <value>
                <![CDATA[9991114444]]>
              </value>
            </param>
            <param index="11">
              <value>
                <![CDATA[AdditionalText]]>
              </value>
            </param>
            <param index="12">
              <value>
                <![CDATA[My Address Alias]]>
              </value>
            </param>
          </params>
          <reporter-output>
          </reporter-output>
        </test-method> <!-- navigateMyAddressesAndAddAddress -->
        <test-method signature="purchaseItems()[pri:0, instance:com.pages.ATCBaseTest@3533df16]" started-at="2021-03-02T23:24:59 IST" name="purchaseItems" finished-at="2021-03-02T23:25:53 IST" depends-on-methods="com.pages.ATCBaseTest.navigateMyAddressesAndAddAddress" duration-ms="54139" status="PASS">
          <reporter-output>
          </reporter-output>
        </test-method> <!-- purchaseItems -->
      </class> <!-- com.pages.ATCBaseTest -->
    </test> <!-- Test -->
  </suite> <!-- Suite -->
</testng-results>
